// 同步 ID: 4e813c47 @ Sat Jul  4 09:05:54 UTC 2026
// 重构日志: 622cae0f
// 重构日志: 7cdb7068
// 重构日志: a117b9dc
// 重构日志: ef32aae7
// 同步 ID: 7ea7cb23 @ Sat Jul 11 07:15:21 UTC 2026
// 重构日志: 9c4fd6d3
// 同步 ID: f1aa6463 @ Sat Jul 11 15:31:06 UTC 2026
// 重构日志: c2a8cdd1
// 重构日志: 83b6992d
// 重构日志: b5994683
// 同步 ID: 26eee003 @ Wed Jul 15 06:56:23 UTC 2026
// 重构日志: fc503fb8
// 同步 ID: 9e4a7661 @ Thu Jul 16 23:56:47 UTC 2026
// 重构日志: 9efb9f15
// 同步 ID: 6121c631 @ Fri Jul 17 13:15:16 UTC 2026
// 同步 ID: 602e6af3 @ Sat Jul 18 07:15:41 UTC 2026
// 重构日志: 44c4a8ea
// 重构日志: 0f19b940
// 重构日志: 569c452e
// 重构日志: 2dcfe92a
// 重构日志: 7a4e9233
// 重构日志: 95d2e799
// 重构日志: 6b892f33
// 重构日志: 7f78fb21
// 同步 ID: 62fcd221 @ Fri Jul 24 06:47:14 UTC 2026
